2019/07/19 19:50:02 ./examples/data
2019/07/19 19:50:02 examples\data\buildings
2019/07/19 19:50:02 examples\data\buildings\empire
2019/07/19 19:50:02 examples\data\buildings\empire\barracks
2019/07/19 19:50:02 examples\data\buildings\empire\barracks\audio
2019/07/19 19:50:02 examples\data\buildings\empire\barracks\barracks.xml
2019/07/19 19:50:02 examples\data\buildings\empire\barracks\models
2019/07/19 19:50:02 examples\data\buildings\empire\barracks\textures
2019/07/19 19:50:02 examples\data\buildings\rebel
2019/07/19 19:50:02 examples\data\buildings\rebel\barracks
2019/07/19 19:50:02 examples\data\buildings\rebel\barracks\audio
2019/07/19 19:50:02 examples\data\buildings\rebel\barracks\barracks.xml
2019/07/19 19:50:02 examples\data\buildings\rebel\barracks\models
2019/07/19 19:50:02 examples\data\buildings\rebel\barracks\textures
2019/07/19 19:50:02 examples\data\names
2019/07/19 19:50:02 examples\data\names\cr90.txt
2019/07/19 19:50:02 examples\data\resources
2019/07/19 19:50:02 examples\data\resources\guidialog
2019/07/19 19:50:02 examples\data\resources\guidialog\Guidialogs.rc
2019/07/19 19:50:02 examples\data\resources\guidialog\Resource.h
2019/07/19 19:50:02 examples\data\scripts
2019/07/19 19:50:02 examples\data\scripts\data
2019/07/19 19:50:02 examples\data\scripts\data\scripts
2019/07/19 19:50:03 examples\data\scripts\data\scripts\ai
2019/07/19 19:50:03 examples\data\scripts\data\scripts\ai\Buildcantinaplan.lua
2019/07/19 19:50:03 examples\data\scripts\data\scripts\ai\spacemode
2019/07/19 19:50:03 examples\data\scripts\data\xml
2019/07/19 19:50:03 examples\data\scripts\data\xml\ai
2019/07/19 19:50:03 examples\data\scripts\data\xml\ai\galacticmarkup
2019/07/19 19:50:03 examples\data\scripts\data\xml\ai\galacticmarkup\Defaultgalactichints.xml
2019/07/19 19:50:03 examples\data\text
2019/07/19 19:50:03 examples\data\text\mastertextfile_english.dat
2019/07/19 19:50:03 examples\data\units
2019/07/19 19:50:03 examples\data\units\empire
2019/07/19 19:50:03 examples\data\units\empire\stormtrooper
2019/07/19 19:50:03 examples\data\units\empire\stormtrooper\audio
2019/07/19 19:50:03 examples\data\units\empire\stormtrooper\models
2019/07/19 19:50:03 examples\data\units\empire\stormtrooper\stormtrooper.xml
2019/07/19 19:50:03 examples\data\units\empire\stormtrooper\textures
2019/07/19 19:50:03 examples\data\units\rebel
2019/07/19 19:50:03 examples\data\units\rebel\rebel_soldier
2019/07/19 19:50:03 examples\data\units\rebel\rebel_soldier\audio
2019/07/19 19:50:03 examples\data\units\rebel\rebel_soldier\models
2019/07/19 19:50:03 examples\data\units\rebel\rebel_soldier\rebel_soldier.xml
2019/07/19 19:50:03 examples\data\units\rebel\rebel_soldier\textures
2019/07/19 19:50:03 examples\data\xml
2019/07/19 19:50:03 examples\data\xml\Campaignfiles.xml
2019/07/19 19:50:03 examples\data\xml\enum
2019/07/19 19:52:43 ./examples/data
2019/07/19 19:52:43 examples\data\buildings
2019/07/19 19:52:43 examples\data\buildings\empire
2019/07/19 19:52:43 examples\data\buildings\empire\barracks
2019/07/19 19:52:43 examples\data\buildings\empire\barracks\audio
2019/07/19 19:52:43 examples\data\buildings\empire\barracks\barracks.xml
2019/07/19 19:52:43 examples\data\buildings\empire\barracks\models
2019/07/19 19:52:43 examples\data\buildings\empire\barracks\textures
2019/07/19 19:52:43 examples\data\buildings\rebel
2019/07/19 19:52:43 examples\data\buildings\rebel\barracks
2019/07/19 19:52:43 examples\data\buildings\rebel\barracks\audio
2019/07/19 19:52:43 examples\data\buildings\rebel\barracks\barracks.xml
2019/07/19 19:52:43 examples\data\buildings\rebel\barracks\models
2019/07/19 19:52:43 examples\data\buildings\rebel\barracks\textures
2019/07/19 19:52:43 examples\data\names
2019/07/19 19:52:43 examples\data\names\cr90.txt
2019/07/19 19:52:43 examples\data\resources
2019/07/19 19:52:43 examples\data\resources\guidialog
2019/07/19 19:52:43 examples\data\resources\guidialog\Guidialogs.rc
2019/07/19 19:52:43 examples\data\resources\guidialog\Resource.h
2019/07/19 19:52:43 examples\data\scripts
2019/07/19 19:52:43 examples\data\scripts\data
2019/07/19 19:52:43 examples\data\scripts\data\scripts
2019/07/19 19:52:43 examples\data\scripts\data\scripts\ai
2019/07/19 19:52:43 examples\data\scripts\data\scripts\ai\Buildcantinaplan.lua
2019/07/19 19:52:43 examples\data\scripts\data\scripts\ai\spacemode
2019/07/19 19:52:43 examples\data\scripts\data\xml
2019/07/19 19:52:43 examples\data\scripts\data\xml\ai
2019/07/19 19:52:43 examples\data\scripts\data\xml\ai\galacticmarkup
2019/07/19 19:52:43 examples\data\scripts\data\xml\ai\galacticmarkup\Defaultgalactichints.xml
2019/07/19 19:52:43 examples\data\text
2019/07/19 19:52:43 examples\data\text\mastertextfile_english.dat
2019/07/19 19:52:43 examples\data\units
2019/07/19 19:52:43 examples\data\units\empire
2019/07/19 19:52:43 examples\data\units\empire\stormtrooper
2019/07/19 19:52:43 examples\data\units\empire\stormtrooper\audio
2019/07/19 19:52:43 examples\data\units\empire\stormtrooper\models
2019/07/19 19:52:43 examples\data\units\empire\stormtrooper\stormtrooper.xml
2019/07/19 19:52:43 examples\data\units\empire\stormtrooper\textures
2019/07/19 19:52:43 examples\data\units\rebel
2019/07/19 19:52:43 examples\data\units\rebel\rebel_soldier
2019/07/19 19:52:43 examples\data\units\rebel\rebel_soldier\audio
2019/07/19 19:52:43 examples\data\units\rebel\rebel_soldier\models
2019/07/19 19:52:43 examples\data\units\rebel\rebel_soldier\rebel_soldier.xml
2019/07/19 19:52:43 examples\data\units\rebel\rebel_soldier\textures
2019/07/19 19:52:43 examples\data\xml
2019/07/19 19:52:43 examples\data\xml\Campaignfiles.xml
2019/07/19 19:52:43 examples\data\xml\enum
2019/07/19 20:00:41 ./examples/data
2019/07/19 20:00:41 examples\data\buildings
2019/07/19 20:00:41 examples\data\buildings\empire
2019/07/19 20:00:41 examples\data\buildings\empire\barracks
2019/07/19 20:00:41 examples\data\buildings\empire\barracks\audio
2019/07/19 20:00:41 examples\data\buildings\empire\barracks\barracks.xml
2019/07/19 20:00:41 examples\data\buildings\empire\barracks\models
2019/07/19 20:00:41 examples\data\buildings\empire\barracks\textures
2019/07/19 20:00:41 examples\data\buildings\rebel
2019/07/19 20:00:41 examples\data\buildings\rebel\barracks
2019/07/19 20:00:41 examples\data\buildings\rebel\barracks\audio
2019/07/19 20:00:41 examples\data\buildings\rebel\barracks\barracks.xml
2019/07/19 20:00:41 examples\data\buildings\rebel\barracks\models
2019/07/19 20:00:41 examples\data\buildings\rebel\barracks\textures
2019/07/19 20:00:41 examples\data\names
2019/07/19 20:00:41 examples\data\names\cr90.txt
2019/07/19 20:00:41 examples\data\resources
2019/07/19 20:00:41 examples\data\resources\guidialog
2019/07/19 20:00:41 examples\data\resources\guidialog\Guidialogs.rc
2019/07/19 20:00:41 examples\data\resources\guidialog\Resource.h
2019/07/19 20:00:41 examples\data\scripts
2019/07/19 20:00:41 examples\data\scripts\data
2019/07/19 20:00:41 examples\data\scripts\data\scripts
2019/07/19 20:00:41 examples\data\scripts\data\scripts\ai
2019/07/19 20:00:41 examples\data\scripts\data\scripts\ai\Buildcantinaplan.lua
2019/07/19 20:00:41 examples\data\scripts\data\scripts\ai\spacemode
2019/07/19 20:00:41 examples\data\scripts\data\xml
2019/07/19 20:00:41 examples\data\scripts\data\xml\ai
2019/07/19 20:00:41 examples\data\scripts\data\xml\ai\galacticmarkup
2019/07/19 20:00:41 examples\data\scripts\data\xml\ai\galacticmarkup\Defaultgalactichints.xml
2019/07/19 20:00:41 examples\data\text
2019/07/19 20:00:41 examples\data\text\mastertextfile_english.dat
2019/07/19 20:00:41 examples\data\units
2019/07/19 20:00:41 examples\data\units\empire
2019/07/19 20:00:41 examples\data\units\empire\stormtrooper
2019/07/19 20:00:41 examples\data\units\empire\stormtrooper\audio
2019/07/19 20:00:41 examples\data\units\empire\stormtrooper\models
2019/07/19 20:00:41 examples\data\units\empire\stormtrooper\stormtrooper.xml
2019/07/19 20:00:41 examples\data\units\empire\stormtrooper\textures
2019/07/19 20:00:41 examples\data\units\rebel
2019/07/19 20:00:41 examples\data\units\rebel\rebel_soldier
2019/07/19 20:00:41 examples\data\units\rebel\rebel_soldier\audio
2019/07/19 20:00:41 examples\data\units\rebel\rebel_soldier\models
2019/07/19 20:00:41 examples\data\units\rebel\rebel_soldier\rebel_soldier.xml
2019/07/19 20:00:41 examples\data\units\rebel\rebel_soldier\textures
2019/07/19 20:00:41 examples\data\xml
2019/07/19 20:00:41 examples\data\xml\Campaignfiles.xml
2019/07/19 20:00:41 examples\data\xml\enum
2019/07/19 20:02:04 ./examples/data
2019/07/19 20:02:04 examples\data\buildings
2019/07/19 20:02:04 examples\data\buildings\empire
2019/07/19 20:02:04 examples\data\buildings\empire\barracks
2019/07/19 20:02:04 examples\data\buildings\empire\barracks\audio
2019/07/19 20:02:04 examples\data\buildings\empire\barracks\barracks.xml
2019/07/19 20:02:04 examples\data\buildings\empire\barracks\models
2019/07/19 20:02:04 examples\data\buildings\empire\barracks\textures
2019/07/19 20:02:04 examples\data\buildings\rebel
2019/07/19 20:02:04 examples\data\buildings\rebel\barracks
2019/07/19 20:02:04 examples\data\buildings\rebel\barracks\audio
2019/07/19 20:02:04 examples\data\buildings\rebel\barracks\barracks.xml
2019/07/19 20:02:04 examples\data\buildings\rebel\barracks\models
2019/07/19 20:02:04 examples\data\buildings\rebel\barracks\textures
2019/07/19 20:02:04 examples\data\names
2019/07/19 20:02:04 examples\data\names\cr90.txt
2019/07/19 20:02:04 examples\data\resources
2019/07/19 20:02:04 examples\data\resources\guidialog
2019/07/19 20:02:04 examples\data\resources\guidialog\Guidialogs.rc
2019/07/19 20:02:04 examples\data\resources\guidialog\Resource.h
2019/07/19 20:02:04 examples\data\scripts
2019/07/19 20:02:04 examples\data\scripts\data
2019/07/19 20:02:04 examples\data\scripts\data\scripts
2019/07/19 20:02:04 examples\data\scripts\data\scripts\ai
2019/07/19 20:02:04 examples\data\scripts\data\scripts\ai\Buildcantinaplan.lua
2019/07/19 20:02:04 examples\data\scripts\data\scripts\ai\spacemode
2019/07/19 20:02:04 examples\data\scripts\data\xml
2019/07/19 20:02:04 examples\data\scripts\data\xml\ai
2019/07/19 20:02:04 examples\data\scripts\data\xml\ai\galacticmarkup
2019/07/19 20:02:04 examples\data\scripts\data\xml\ai\galacticmarkup\Defaultgalactichints.xml
2019/07/19 20:02:04 examples\data\text
2019/07/19 20:02:04 examples\data\text\mastertextfile_english.dat
2019/07/19 20:02:04 examples\data\units
2019/07/19 20:02:04 examples\data\units\empire
2019/07/19 20:02:04 examples\data\units\empire\stormtrooper
2019/07/19 20:02:04 examples\data\units\empire\stormtrooper\audio
2019/07/19 20:02:04 examples\data\units\empire\stormtrooper\models
2019/07/19 20:02:04 examples\data\units\empire\stormtrooper\stormtrooper.xml
2019/07/19 20:02:04 examples\data\units\empire\stormtrooper\textures
2019/07/19 20:02:04 examples\data\units\rebel
2019/07/19 20:02:04 examples\data\units\rebel\rebel_soldier
2019/07/19 20:02:04 examples\data\units\rebel\rebel_soldier\audio
2019/07/19 20:02:04 examples\data\units\rebel\rebel_soldier\models
2019/07/19 20:02:04 examples\data\units\rebel\rebel_soldier\rebel_soldier.xml
2019/07/19 20:02:04 examples\data\units\rebel\rebel_soldier\textures
2019/07/19 20:02:04 examples\data\xml
2019/07/19 20:02:04 examples\data\xml\Campaignfiles.xml
2019/07/19 20:02:04 examples\data\xml\enum
2019/07/19 20:05:06 ./examples/data/
2019/07/19 20:05:06 examples\data\buildings
2019/07/19 20:05:06 examples\data\buildings\empire
2019/07/19 20:05:06 examples\data\buildings\empire\barracks
2019/07/19 20:05:06 examples\data\buildings\empire\barracks\audio
2019/07/19 20:05:06 examples\data\buildings\empire\barracks\barracks.xml
2019/07/19 20:05:06 examples\data\buildings\empire\barracks\models
2019/07/19 20:05:06 examples\data\buildings\empire\barracks\textures
2019/07/19 20:05:06 examples\data\buildings\rebel
2019/07/19 20:05:06 examples\data\buildings\rebel\barracks
2019/07/19 20:05:06 examples\data\buildings\rebel\barracks\audio
2019/07/19 20:05:06 examples\data\buildings\rebel\barracks\barracks.xml
2019/07/19 20:05:06 examples\data\buildings\rebel\barracks\models
2019/07/19 20:05:06 examples\data\buildings\rebel\barracks\textures
2019/07/19 20:05:06 examples\data\names
2019/07/19 20:05:06 examples\data\names\cr90.txt
2019/07/19 20:05:06 examples\data\resources
2019/07/19 20:05:06 examples\data\resources\guidialog
2019/07/19 20:05:06 examples\data\resources\guidialog\Guidialogs.rc
2019/07/19 20:05:06 examples\data\resources\guidialog\Resource.h
2019/07/19 20:05:06 examples\data\scripts
2019/07/19 20:05:06 examples\data\scripts\data
2019/07/19 20:05:06 examples\data\scripts\data\scripts
2019/07/19 20:05:06 examples\data\scripts\data\scripts\ai
2019/07/19 20:05:06 examples\data\scripts\data\scripts\ai\Buildcantinaplan.lua
2019/07/19 20:05:06 examples\data\scripts\data\scripts\ai\spacemode
2019/07/19 20:05:06 examples\data\scripts\data\xml
2019/07/19 20:05:06 examples\data\scripts\data\xml\ai
2019/07/19 20:05:06 examples\data\scripts\data\xml\ai\galacticmarkup
2019/07/19 20:05:06 examples\data\scripts\data\xml\ai\galacticmarkup\Defaultgalactichints.xml
2019/07/19 20:05:06 examples\data\text
2019/07/19 20:05:06 examples\data\text\mastertextfile_english.dat
2019/07/19 20:05:06 examples\data\units
2019/07/19 20:05:06 examples\data\units\empire
2019/07/19 20:05:06 examples\data\units\empire\stormtrooper
2019/07/19 20:05:06 examples\data\units\empire\stormtrooper\audio
2019/07/19 20:05:06 examples\data\units\empire\stormtrooper\models
2019/07/19 20:05:06 examples\data\units\empire\stormtrooper\stormtrooper.xml
2019/07/19 20:05:06 examples\data\units\empire\stormtrooper\textures
2019/07/19 20:05:06 examples\data\units\rebel
2019/07/19 20:05:06 examples\data\units\rebel\rebel_soldier
2019/07/19 20:05:06 examples\data\units\rebel\rebel_soldier\audio
2019/07/19 20:05:06 examples\data\units\rebel\rebel_soldier\models
2019/07/19 20:05:06 examples\data\units\rebel\rebel_soldier\rebel_soldier.xml
2019/07/19 20:05:06 examples\data\units\rebel\rebel_soldier\textures
2019/07/19 20:05:06 examples\data\xml
2019/07/19 20:05:06 examples\data\xml\Campaignfiles.xml
2019/07/19 20:05:06 examples\data\xml\enum
2019/07/19 20:05:24 ./examples/data
2019/07/19 20:05:24 examples\data\buildings
2019/07/19 20:05:24 examples\data\buildings\empire
2019/07/19 20:05:24 examples\data\buildings\empire\barracks
2019/07/19 20:05:24 examples\data\buildings\empire\barracks\audio
2019/07/19 20:05:24 examples\data\buildings\empire\barracks\barracks.xml
2019/07/19 20:05:24 examples\data\buildings\empire\barracks\models
2019/07/19 20:05:24 examples\data\buildings\empire\barracks\textures
2019/07/19 20:05:24 examples\data\buildings\rebel
2019/07/19 20:05:24 examples\data\buildings\rebel\barracks
2019/07/19 20:05:24 examples\data\buildings\rebel\barracks\audio
2019/07/19 20:05:24 examples\data\buildings\rebel\barracks\barracks.xml
2019/07/19 20:05:24 examples\data\buildings\rebel\barracks\models
2019/07/19 20:05:24 examples\data\buildings\rebel\barracks\textures
2019/07/19 20:05:24 examples\data\names
2019/07/19 20:05:24 examples\data\names\cr90.txt
2019/07/19 20:05:24 examples\data\resources
2019/07/19 20:05:24 examples\data\resources\guidialog
2019/07/19 20:05:24 examples\data\resources\guidialog\Guidialogs.rc
2019/07/19 20:05:24 examples\data\resources\guidialog\Resource.h
2019/07/19 20:05:24 examples\data\scripts
2019/07/19 20:05:24 examples\data\scripts\data
2019/07/19 20:05:24 examples\data\scripts\data\scripts
2019/07/19 20:05:24 examples\data\scripts\data\scripts\ai
2019/07/19 20:05:24 examples\data\scripts\data\scripts\ai\Buildcantinaplan.lua
2019/07/19 20:05:24 examples\data\scripts\data\scripts\ai\spacemode
2019/07/19 20:05:24 examples\data\scripts\data\xml
2019/07/19 20:05:24 examples\data\scripts\data\xml\ai
2019/07/19 20:05:24 examples\data\scripts\data\xml\ai\galacticmarkup
2019/07/19 20:05:24 examples\data\scripts\data\xml\ai\galacticmarkup\Defaultgalactichints.xml
2019/07/19 20:05:24 examples\data\text
2019/07/19 20:05:24 examples\data\text\mastertextfile_english.dat
2019/07/19 20:05:24 examples\data\units
2019/07/19 20:05:24 examples\data\units\empire
2019/07/19 20:05:24 examples\data\units\empire\stormtrooper
2019/07/19 20:05:24 examples\data\units\empire\stormtrooper\audio
2019/07/19 20:05:24 examples\data\units\empire\stormtrooper\models
2019/07/19 20:05:24 examples\data\units\empire\stormtrooper\stormtrooper.xml
2019/07/19 20:05:24 examples\data\units\empire\stormtrooper\textures
2019/07/19 20:05:24 examples\data\units\rebel
2019/07/19 20:05:24 examples\data\units\rebel\rebel_soldier
2019/07/19 20:05:24 examples\data\units\rebel\rebel_soldier\audio
2019/07/19 20:05:24 examples\data\units\rebel\rebel_soldier\models
2019/07/19 20:05:24 examples\data\units\rebel\rebel_soldier\rebel_soldier.xml
2019/07/19 20:05:24 examples\data\units\rebel\rebel_soldier\textures
2019/07/19 20:05:24 examples\data\xml
2019/07/19 20:05:24 examples\data\xml\Campaignfiles.xml
2019/07/19 20:05:24 examples\data\xml\enum
2019/07/19 20:14:48 ./examples/data
2019/07/19 20:14:48 examples\data\buildings
2019/07/19 20:14:48 examples\data\buildings\empire
2019/07/19 20:14:48 examples\data\buildings\empire\barracks
2019/07/19 20:14:48 examples\data\buildings\empire\barracks\audio
2019/07/19 20:14:48 examples\data\buildings\empire\barracks\barracks.xml
2019/07/19 20:14:48 examples\data\buildings\empire\barracks\models
2019/07/19 20:14:48 examples\data\buildings\empire\barracks\textures
2019/07/19 20:14:48 examples\data\buildings\rebel
2019/07/19 20:14:48 examples\data\buildings\rebel\barracks
2019/07/19 20:14:48 examples\data\buildings\rebel\barracks\audio
2019/07/19 20:14:48 examples\data\buildings\rebel\barracks\barracks.xml
2019/07/19 20:14:48 examples\data\buildings\rebel\barracks\models
2019/07/19 20:14:48 examples\data\buildings\rebel\barracks\textures
2019/07/19 20:14:48 examples\data\names
2019/07/19 20:14:48 examples\data\names\cr90.txt
2019/07/19 20:14:48 examples\data\resources
2019/07/19 20:14:48 examples\data\resources\guidialog
2019/07/19 20:14:48 examples\data\resources\guidialog\Guidialogs.rc
2019/07/19 20:14:48 examples\data\resources\guidialog\Resource.h
2019/07/19 20:14:48 examples\data\scripts
2019/07/19 20:14:48 examples\data\scripts\data
2019/07/19 20:14:48 examples\data\scripts\data\scripts
2019/07/19 20:14:48 examples\data\scripts\data\scripts\ai
2019/07/19 20:14:48 examples\data\scripts\data\scripts\ai\Buildcantinaplan.lua
2019/07/19 20:14:48 examples\data\scripts\data\scripts\ai\spacemode
2019/07/19 20:14:48 examples\data\scripts\data\xml
2019/07/19 20:14:48 examples\data\scripts\data\xml\ai
2019/07/19 20:14:48 examples\data\scripts\data\xml\ai\galacticmarkup
2019/07/19 20:14:48 examples\data\scripts\data\xml\ai\galacticmarkup\Defaultgalactichints.xml
2019/07/19 20:14:48 examples\data\text
2019/07/19 20:14:48 examples\data\text\mastertextfile_english.dat
2019/07/19 20:14:48 examples\data\units
2019/07/19 20:14:48 examples\data\units\empire
2019/07/19 20:14:48 examples\data\units\empire\stormtrooper
2019/07/19 20:14:48 examples\data\units\empire\stormtrooper\audio
2019/07/19 20:14:48 examples\data\units\empire\stormtrooper\models
2019/07/19 20:14:48 examples\data\units\empire\stormtrooper\stormtrooper.xml
2019/07/19 20:14:48 examples\data\units\empire\stormtrooper\textures
2019/07/19 20:14:48 examples\data\units\rebel
2019/07/19 20:14:48 examples\data\units\rebel\rebel_soldier
2019/07/19 20:14:48 examples\data\units\rebel\rebel_soldier\audio
2019/07/19 20:14:48 examples\data\units\rebel\rebel_soldier\models
2019/07/19 20:14:48 examples\data\units\rebel\rebel_soldier\rebel_soldier.xml
2019/07/19 20:14:48 examples\data\units\rebel\rebel_soldier\textures
2019/07/19 20:14:48 examples\data\xml
2019/07/19 20:14:48 examples\data\xml\Campaignfiles.xml
2019/07/19 20:14:48 examples\data\xml\enum
